<?xml version="1.0" encoding="UTF-8"?>
<testsuite xmlns:xsi="http://www.w3.org/2001/XMLSchema-instance" xsi:noNamespaceSchemaLocation="https://maven.apache.org/surefire/maven-surefire-plugin/xsd/surefire-test-report-3.0.xsd" version="3.0" name="org.redlich.mail.TestMailApp" time="0.069" tests="1" errors="0" skipped="0" failures="0">
  <properties>
    <property name="java.specification.version" value="17"/>
    <property name="sun.jnu.encoding" value="UTF-8"/>
    <property name="java.class.path" value="/usr/local/portfolio/jakartaee-11/mail/target/test-classes:/usr/local/portfolio/jakartaee-11/mail/target/classes:/Users/mpredli01/.m2/repository/jakarta/mail/jakarta.mail-api/2.1.2/jakarta.mail-api-2.1.2.jar:/Users/mpredli01/.m2/repository/jakarta/activation/jakarta.activation-api/2.1.2/jakarta.activation-api-2.1.2.jar:/Users/mpredli01/.m2/repository/org/eclipse/angus/jakarta.mail/1.0.0/jakarta.mail-1.0.0.jar:/Users/mpredli01/.m2/repository/org/eclipse/angus/angus-activation/1.0.0/angus-activation-1.0.0.jar:/Users/mpredli01/.m2/repository/jakarta/platform/jakarta.jakartaee-api/10.0.0/jakarta.jakartaee-api-10.0.0.jar:/Users/mpredli01/.m2/repository/jakarta/platform/jakarta.jakartaee-web-api/10.0.0/jakarta.jakartaee-web-api-10.0.0.jar:/Users/mpredli01/.m2/repository/jakarta/servlet/jakarta.servlet-api/6.0.0/jakarta.servlet-api-6.0.0.jar:/Users/mpredli01/.m2/repository/jakarta/servlet/jsp/jakarta.servlet.jsp-api/3.1.0/jakarta.servlet.jsp-api-3.1.0.jar:/Users/mpredli01/.m2/repository/jakarta/el/jakarta.el-api/5.0.1/jakarta.el-api-5.0.1.jar:/Users/mpredli01/.m2/repository/jakarta/servlet/jsp/jstl/jakarta.servlet.jsp.jstl-api/3.0.0/jakarta.servlet.jsp.jstl-api-3.0.0.jar:/Users/mpredli01/.m2/repository/jakarta/faces/jakarta.faces-api/4.0.1/jakarta.faces-api-4.0.1.jar:/Users/mpredli01/.m2/repository/jakarta/ws/rs/jakarta.ws.rs-api/3.1.0/jakarta.ws.rs-api-3.1.0.jar:/Users/mpredli01/.m2/repository/jakarta/websocket/jakarta.websocket-api/2.1.0/jakarta.websocket-api-2.1.0.jar:/Users/mpredli01/.m2/repository/jakarta/websocket/jakarta.websocket-client-api/2.1.0/jakarta.websocket-client-api-2.1.0.jar:/Users/mpredli01/.m2/repository/jakarta/annotation/jakarta.annotation-api/2.1.1/jakarta.annotation-api-2.1.1.jar:/Users/mpredli01/.m2/repository/jakarta/ejb/jakarta.ejb-api/4.0.1/jakarta.ejb-api-4.0.1.jar:/Users/mpredli01/.m2/repository/jakarta/transaction/jakarta.transaction-api/2.0.1/jakarta.transaction-api-2.0.1.jar:/Users/mpredli01/.m2/repository/jakarta/persistence/jakarta.persistence-api/3.1.0/jakarta.persistence-api-3.1.0.jar:/Users/mpredli01/.m2/repository/jakarta/validation/jakarta.validation-api/3.0.2/jakarta.validation-api-3.0.2.jar:/Users/mpredli01/.m2/repository/jakarta/interceptor/jakarta.interceptor-api/2.1.0/jakarta.interceptor-api-2.1.0.jar:/Users/mpredli01/.m2/repository/jakarta/enterprise/jakarta.enterprise.cdi-api/4.0.1/jakarta.enterprise.cdi-api-4.0.1.jar:/Users/mpredli01/.m2/repository/jakarta/enterprise/jakarta.enterprise.lang-model/4.0.1/jakarta.enterprise.lang-model-4.0.1.jar:/Users/mpredli01/.m2/repository/jakarta/inject/jakarta.inject-api/2.0.1/jakarta.inject-api-2.0.1.jar:/Users/mpredli01/.m2/repository/jakarta/authentication/jakarta.authentication-api/3.0.0/jakarta.authentication-api-3.0.0.jar:/Users/mpredli01/.m2/repository/jakarta/security/enterprise/jakarta.security.enterprise-api/3.0.0/jakarta.security.enterprise-api-3.0.0.jar:/Users/mpredli01/.m2/repository/jakarta/jms/jakarta.jms-api/3.1.0/jakarta.jms-api-3.1.0.jar:/Users/mpredli01/.m2/repository/jakarta/resource/jakarta.resource-api/2.1.0/jakarta.resource-api-2.1.0.jar:/Users/mpredli01/.m2/repository/jakarta/authorization/jakarta.authorization-api/2.1.0/jakarta.authorization-api-2.1.0.jar:/Users/mpredli01/.m2/repository/jakarta/batch/jakarta.batch-api/2.1.1/jakarta.batch-api-2.1.1.jar:/Users/mpredli01/.m2/repository/javax/enterprise/cdi-api/2.0/cdi-api-2.0.jar:/Users/mpredli01/.m2/repository/javax/el/javax.el-api/3.0.0/javax.el-api-3.0.0.jar:/Users/mpredli01/.m2/repository/javax/interceptor/javax.interceptor-api/1.2/javax.interceptor-api-1.2.jar:/Users/mpredli01/.m2/repository/javax/inject/javax.inject/1/javax.inject-1.jar:/Users/mpredli01/.m2/repository/javax/ws/rs/javax.ws.rs-api/2.1/javax.ws.rs-api-2.1.jar:/Users/mpredli01/.m2/repository/javax/json/bind/javax.json.bind-api/1.0/javax.json.bind-api-1.0.jar:/Users/mpredli01/.m2/repository/javax/json/javax.json-api/1.1/javax.json-api-1.1.jar:/Users/mpredli01/.m2/repository/javax/annotation/javax.annotation-api/1.3/javax.annotation-api-1.3.jar:/Users/mpredli01/.m2/repository/org/eclipse/microprofile/fault-tolerance/microprofile-fault-tolerance-api/2.1/microprofile-fault-tolerance-api-2.1.jar:/Users/mpredli01/.m2/repository/org/osgi/org.osgi.annotation.versioning/1.0.0/org.osgi.annotation.versioning-1.0.0.jar:/Users/mpredli01/.m2/repository/org/eclipse/microprofile/health/microprofile-health-api/2.2/microprofile-health-api-2.2.jar:/Users/mpredli01/.m2/repository/org/eclipse/microprofile/metrics/microprofile-metrics-api/2.3/microprofile-metrics-api-2.3.jar:/Users/mpredli01/.m2/repository/org/eclipse/microprofile/jwt/microprofile-jwt-auth-api/1.1/microprofile-jwt-auth-api-1.1.jar:/Users/mpredli01/.m2/repository/org/eclipse/microprofile/openapi/microprofile-openapi-api/1.1/microprofile-openapi-api-1.1.jar:/Users/mpredli01/.m2/repository/org/eclipse/microprofile/rest/client/microprofile-rest-client-api/1.4.0/microprofile-rest-client-api-1.4.0.jar:/Users/mpredli01/.m2/repository/org/eclipse/microprofile/opentracing/microprofile-opentracing-api/1.3/microprofile-opentracing-api-1.3.jar:/Users/mpredli01/.m2/repository/org/jboss/weld/se/weld-se-shaded/5.1.0.Final/weld-se-shaded-5.1.0.Final.jar:/Users/mpredli01/.m2/repository/org/eclipse/yasson/3.0.3/yasson-3.0.3.jar:/Users/mpredli01/.m2/repository/jakarta/json/bind/jakarta.json.bind-api/3.0.0/jakarta.json.bind-api-3.0.0.jar:/Users/mpredli01/.m2/repository/jakarta/json/jakarta.json-api/2.1.0/jakarta.json-api-2.1.0.jar:/Users/mpredli01/.m2/repository/org/eclipse/parsson/parsson/1.1.0/parsson-1.1.0.jar:/Users/mpredli01/.m2/repository/io/smallrye/config/smallrye-config-core/3.2.1/smallrye-config-core-3.2.1.jar:/Users/mpredli01/.m2/repository/io/smallrye/common/smallrye-common-annotation/2.1.0/smallrye-common-annotation-2.1.0.jar:/Users/mpredli01/.m2/repository/io/smallrye/common/smallrye-common-expression/2.1.0/smallrye-common-expression-2.1.0.jar:/Users/mpredli01/.m2/repository/io/smallrye/common/smallrye-common-function/2.1.0/smallrye-common-function-2.1.0.jar:/Users/mpredli01/.m2/repository/io/smallrye/common/smallrye-common-constraint/2.1.0/smallrye-common-constraint-2.1.0.jar:/Users/mpredli01/.m2/repository/io/smallrye/common/smallrye-common-classloader/2.1.0/smallrye-common-classloader-2.1.0.jar:/Users/mpredli01/.m2/repository/org/jboss/logging/jboss-logging/3.5.0.Final/jboss-logging-3.5.0.Final.jar:/Users/mpredli01/.m2/repository/org/ow2/asm/asm/9.4/asm-9.4.jar:/Users/mpredli01/.m2/repository/io/smallrye/config/smallrye-config-common/3.2.1/smallrye-config-common-3.2.1.jar:/Users/mpredli01/.m2/repository/org/eclipse/microprofile/config/microprofile-config-api/3.0.2/microprofile-config-api-3.0.2.jar:/Users/mpredli01/.m2/repository/org/junit/jupiter/junit-jupiter-api/5.10.0/junit-jupiter-api-5.10.0.jar:/Users/mpredli01/.m2/repository/org/opentest4j/opentest4j/1.3.0/opentest4j-1.3.0.jar:/Users/mpredli01/.m2/repository/org/junit/platform/junit-platform-commons/1.10.0/junit-platform-commons-1.10.0.jar:/Users/mpredli01/.m2/repository/org/apiguardian/apiguardian-api/1.1.2/apiguardian-api-1.1.2.jar:/Users/mpredli01/.m2/repository/org/junit/jupiter/junit-jupiter-engine/5.10.0/junit-jupiter-engine-5.10.0.jar:/Users/mpredli01/.m2/repository/org/junit/platform/junit-platform-engine/1.10.0/junit-platform-engine-1.10.0.jar:/Users/mpredli01/.m2/repository/org/junit/jupiter/junit-jupiter-params/5.10.0/junit-jupiter-params-5.10.0.jar:/Users/mpredli01/.m2/repository/org/mockito/mockito-core/5.2.0/mockito-core-5.2.0.jar:/Users/mpredli01/.m2/repository/net/bytebuddy/byte-buddy/1.14.1/byte-buddy-1.14.1.jar:/Users/mpredli01/.m2/repository/net/bytebuddy/byte-buddy-agent/1.14.1/byte-buddy-agent-1.14.1.jar:/Users/mpredli01/.m2/repository/org/objenesis/objenesis/3.3/objenesis-3.3.jar:/Users/mpredli01/.m2/repository/org/mockito/mockito-junit-jupiter/5.2.0/mockito-junit-jupiter-5.2.0.jar:"/>
    <property name="java.vm.vendor" value="Oracle Corporation"/>
    <property name="sun.arch.data.model" value="64"/>
    <property name="java.vendor.url" value="https://java.oracle.com/"/>
    <property name="os.name" value="Mac OS X"/>
    <property name="java.vm.specification.version" value="17"/>
    <property name="sun.java.launcher" value="SUN_STANDARD"/>
    <property name="user.country" value="US"/>
    <property name="sun.boot.library.path" value="/Library/Java/JavaVirtualMachines/jdk-17.0.2.jdk/Contents/Home/lib"/>
    <property name="sun.java.command" value="/usr/local/portfolio/jakartaee-11/mail/target/surefire/surefirebooter-20230929183440179_3.jar /usr/local/portfolio/jakartaee-11/mail/target/surefire 2023-09-29T18-34-40_046-jvmRun1 surefire-20230929183440179_1tmp surefire_0-20230929183440179_2tmp"/>
    <property name="http.nonProxyHosts" value="local|*.local|169.254/16|*.169.254/16"/>
    <property name="jdk.debug" value="release"/>
    <property name="surefire.test.class.path" value="/usr/local/portfolio/jakartaee-11/mail/target/test-classes:/usr/local/portfolio/jakartaee-11/mail/target/classes:/Users/mpredli01/.m2/repository/jakarta/mail/jakarta.mail-api/2.1.2/jakarta.mail-api-2.1.2.jar:/Users/mpredli01/.m2/repository/jakarta/activation/jakarta.activation-api/2.1.2/jakarta.activation-api-2.1.2.jar:/Users/mpredli01/.m2/repository/org/eclipse/angus/jakarta.mail/1.0.0/jakarta.mail-1.0.0.jar:/Users/mpredli01/.m2/repository/org/eclipse/angus/angus-activation/1.0.0/angus-activation-1.0.0.jar:/Users/mpredli01/.m2/repository/jakarta/platform/jakarta.jakartaee-api/10.0.0/jakarta.jakartaee-api-10.0.0.jar:/Users/mpredli01/.m2/repository/jakarta/platform/jakarta.jakartaee-web-api/10.0.0/jakarta.jakartaee-web-api-10.0.0.jar:/Users/mpredli01/.m2/repository/jakarta/servlet/jakarta.servlet-api/6.0.0/jakarta.servlet-api-6.0.0.jar:/Users/mpredli01/.m2/repository/jakarta/servlet/jsp/jakarta.servlet.jsp-api/3.1.0/jakarta.servlet.jsp-api-3.1.0.jar:/Users/mpredli01/.m2/repository/jakarta/el/jakarta.el-api/5.0.1/jakarta.el-api-5.0.1.jar:/Users/mpredli01/.m2/repository/jakarta/servlet/jsp/jstl/jakarta.servlet.jsp.jstl-api/3.0.0/jakarta.servlet.jsp.jstl-api-3.0.0.jar:/Users/mpredli01/.m2/repository/jakarta/faces/jakarta.faces-api/4.0.1/jakarta.faces-api-4.0.1.jar:/Users/mpredli01/.m2/repository/jakarta/ws/rs/jakarta.ws.rs-api/3.1.0/jakarta.ws.rs-api-3.1.0.jar:/Users/mpredli01/.m2/repository/jakarta/websocket/jakarta.websocket-api/2.1.0/jakarta.websocket-api-2.1.0.jar:/Users/mpredli01/.m2/repository/jakarta/websocket/jakarta.websocket-client-api/2.1.0/jakarta.websocket-client-api-2.1.0.jar:/Users/mpredli01/.m2/repository/jakarta/annotation/jakarta.annotation-api/2.1.1/jakarta.annotation-api-2.1.1.jar:/Users/mpredli01/.m2/repository/jakarta/ejb/jakarta.ejb-api/4.0.1/jakarta.ejb-api-4.0.1.jar:/Users/mpredli01/.m2/repository/jakarta/transaction/jakarta.transaction-api/2.0.1/jakarta.transaction-api-2.0.1.jar:/Users/mpredli01/.m2/repository/jakarta/persistence/jakarta.persistence-api/3.1.0/jakarta.persistence-api-3.1.0.jar:/Users/mpredli01/.m2/repository/jakarta/validation/jakarta.validation-api/3.0.2/jakarta.validation-api-3.0.2.jar:/Users/mpredli01/.m2/repository/jakarta/interceptor/jakarta.interceptor-api/2.1.0/jakarta.interceptor-api-2.1.0.jar:/Users/mpredli01/.m2/repository/jakarta/enterprise/jakarta.enterprise.cdi-api/4.0.1/jakarta.enterprise.cdi-api-4.0.1.jar:/Users/mpredli01/.m2/repository/jakarta/enterprise/jakarta.enterprise.lang-model/4.0.1/jakarta.enterprise.lang-model-4.0.1.jar:/Users/mpredli01/.m2/repository/jakarta/inject/jakarta.inject-api/2.0.1/jakarta.inject-api-2.0.1.jar:/Users/mpredli01/.m2/repository/jakarta/authentication/jakarta.authentication-api/3.0.0/jakarta.authentication-api-3.0.0.jar:/Users/mpredli01/.m2/repository/jakarta/security/enterprise/jakarta.security.enterprise-api/3.0.0/jakarta.security.enterprise-api-3.0.0.jar:/Users/mpredli01/.m2/repository/jakarta/jms/jakarta.jms-api/3.1.0/jakarta.jms-api-3.1.0.jar:/Users/mpredli01/.m2/repository/jakarta/resource/jakarta.resource-api/2.1.0/jakarta.resource-api-2.1.0.jar:/Users/mpredli01/.m2/repository/jakarta/authorization/jakarta.authorization-api/2.1.0/jakarta.authorization-api-2.1.0.jar:/Users/mpredli01/.m2/repository/jakarta/batch/jakarta.batch-api/2.1.1/jakarta.batch-api-2.1.1.jar:/Users/mpredli01/.m2/repository/javax/enterprise/cdi-api/2.0/cdi-api-2.0.jar:/Users/mpredli01/.m2/repository/javax/el/javax.el-api/3.0.0/javax.el-api-3.0.0.jar:/Users/mpredli01/.m2/repository/javax/interceptor/javax.interceptor-api/1.2/javax.interceptor-api-1.2.jar:/Users/mpredli01/.m2/repository/javax/inject/javax.inject/1/javax.inject-1.jar:/Users/mpredli01/.m2/repository/javax/ws/rs/javax.ws.rs-api/2.1/javax.ws.rs-api-2.1.jar:/Users/mpredli01/.m2/repository/javax/json/bind/javax.json.bind-api/1.0/javax.json.bind-api-1.0.jar:/Users/mpredli01/.m2/repository/javax/json/javax.json-api/1.1/javax.json-api-1.1.jar:/Users/mpredli01/.m2/repository/javax/annotation/javax.annotation-api/1.3/javax.annotation-api-1.3.jar:/Users/mpredli01/.m2/repository/org/eclipse/microprofile/fault-tolerance/microprofile-fault-tolerance-api/2.1/microprofile-fault-tolerance-api-2.1.jar:/Users/mpredli01/.m2/repository/org/osgi/org.osgi.annotation.versioning/1.0.0/org.osgi.annotation.versioning-1.0.0.jar:/Users/mpredli01/.m2/repository/org/eclipse/microprofile/health/microprofile-health-api/2.2/microprofile-health-api-2.2.jar:/Users/mpredli01/.m2/repository/org/eclipse/microprofile/metrics/microprofile-metrics-api/2.3/microprofile-metrics-api-2.3.jar:/Users/mpredli01/.m2/repository/org/eclipse/microprofile/jwt/microprofile-jwt-auth-api/1.1/microprofile-jwt-auth-api-1.1.jar:/Users/mpredli01/.m2/repository/org/eclipse/microprofile/openapi/microprofile-openapi-api/1.1/microprofile-openapi-api-1.1.jar:/Users/mpredli01/.m2/repository/org/eclipse/microprofile/rest/client/microprofile-rest-client-api/1.4.0/microprofile-rest-client-api-1.4.0.jar:/Users/mpredli01/.m2/repository/org/eclipse/microprofile/opentracing/microprofile-opentracing-api/1.3/microprofile-opentracing-api-1.3.jar:/Users/mpredli01/.m2/repository/org/jboss/weld/se/weld-se-shaded/5.1.0.Final/weld-se-shaded-5.1.0.Final.jar:/Users/mpredli01/.m2/repository/org/eclipse/yasson/3.0.3/yasson-3.0.3.jar:/Users/mpredli01/.m2/repository/jakarta/json/bind/jakarta.json.bind-api/3.0.0/jakarta.json.bind-api-3.0.0.jar:/Users/mpredli01/.m2/repository/jakarta/json/jakarta.json-api/2.1.0/jakarta.json-api-2.1.0.jar:/Users/mpredli01/.m2/repository/org/eclipse/parsson/parsson/1.1.0/parsson-1.1.0.jar:/Users/mpredli01/.m2/repository/io/smallrye/config/smallrye-config-core/3.2.1/smallrye-config-core-3.2.1.jar:/Users/mpredli01/.m2/repository/io/smallrye/common/smallrye-common-annotation/2.1.0/smallrye-common-annotation-2.1.0.jar:/Users/mpredli01/.m2/repository/io/smallrye/common/smallrye-common-expression/2.1.0/smallrye-common-expression-2.1.0.jar:/Users/mpredli01/.m2/repository/io/smallrye/common/smallrye-common-function/2.1.0/smallrye-common-function-2.1.0.jar:/Users/mpredli01/.m2/repository/io/smallrye/common/smallrye-common-constraint/2.1.0/smallrye-common-constraint-2.1.0.jar:/Users/mpredli01/.m2/repository/io/smallrye/common/smallrye-common-classloader/2.1.0/smallrye-common-classloader-2.1.0.jar:/Users/mpredli01/.m2/repository/org/jboss/logging/jboss-logging/3.5.0.Final/jboss-logging-3.5.0.Final.jar:/Users/mpredli01/.m2/repository/org/ow2/asm/asm/9.4/asm-9.4.jar:/Users/mpredli01/.m2/repository/io/smallrye/config/smallrye-config-common/3.2.1/smallrye-config-common-3.2.1.jar:/Users/mpredli01/.m2/repository/org/eclipse/microprofile/config/microprofile-config-api/3.0.2/microprofile-config-api-3.0.2.jar:/Users/mpredli01/.m2/repository/org/junit/jupiter/junit-jupiter-api/5.10.0/junit-jupiter-api-5.10.0.jar:/Users/mpredli01/.m2/repository/org/opentest4j/opentest4j/1.3.0/opentest4j-1.3.0.jar:/Users/mpredli01/.m2/repository/org/junit/platform/junit-platform-commons/1.10.0/junit-platform-commons-1.10.0.jar:/Users/mpredli01/.m2/repository/org/apiguardian/apiguardian-api/1.1.2/apiguardian-api-1.1.2.jar:/Users/mpredli01/.m2/repository/org/junit/jupiter/junit-jupiter-engine/5.10.0/junit-jupiter-engine-5.10.0.jar:/Users/mpredli01/.m2/repository/org/junit/platform/junit-platform-engine/1.10.0/junit-platform-engine-1.10.0.jar:/Users/mpredli01/.m2/repository/org/junit/jupiter/junit-jupiter-params/5.10.0/junit-jupiter-params-5.10.0.jar:/Users/mpredli01/.m2/repository/org/mockito/mockito-core/5.2.0/mockito-core-5.2.0.jar:/Users/mpredli01/.m2/repository/net/bytebuddy/byte-buddy/1.14.1/byte-buddy-1.14.1.jar:/Users/mpredli01/.m2/repository/net/bytebuddy/byte-buddy-agent/1.14.1/byte-buddy-agent-1.14.1.jar:/Users/mpredli01/.m2/repository/org/objenesis/objenesis/3.3/objenesis-3.3.jar:/Users/mpredli01/.m2/repository/org/mockito/mockito-junit-jupiter/5.2.0/mockito-junit-jupiter-5.2.0.jar:"/>
    <property name="sun.cpu.endian" value="little"/>
    <property name="user.home" value="/Users/mpredli01"/>
    <property name="user.language" value="en"/>
    <property name="java.specification.vendor" value="Oracle Corporation"/>
    <property name="java.version.date" value="2022-01-18"/>
    <property name="java.home" value="/Library/Java/JavaVirtualMachines/jdk-17.0.2.jdk/Contents/Home"/>
    <property name="file.separator" value="/"/>
    <property name="basedir" value="/usr/local/portfolio/jakartaee-11/mail"/>
    <property name="java.vm.compressedOopsMode" value="Zero based"/>
    <property name="line.separator" value="&#10;"/>
    <property name="java.specification.name" value="Java Platform API Specification"/>
    <property name="java.vm.specification.vendor" value="Oracle Corporation"/>
    <property name="surefire.real.class.path" value="/usr/local/portfolio/jakartaee-11/mail/target/surefire/surefirebooter-20230929183440179_3.jar"/>
    <property name="sun.management.compiler" value="HotSpot 64-Bit Tiered Compilers"/>
    <property name="ftp.nonProxyHosts" value="local|*.local|169.254/16|*.169.254/16"/>
    <property name="java.runtime.version" value="17.0.2+8-LTS-86"/>
    <property name="user.name" value="mpredli01"/>
    <property name="path.separator" value=":"/>
    <property name="os.version" value="10.15.7"/>
    <property name="java.runtime.name" value="Java(TM) SE Runtime Environment"/>
    <property name="file.encoding" value="UTF-8"/>
    <property name="java.vm.name" value="Java HotSpot(TM) 64-Bit Server VM"/>
    <property name="localRepository" value="/Users/mpredli01/.m2/repository"/>
    <property name="java.vendor.url.bug" value="https://bugreport.java.com/bugreport/"/>
    <property name="java.io.tmpdir" value="/var/folders/tt/7lxy2q7d55jbvvv1pnjj05cm0000gn/T/"/>
    <property name="java.version" value="17.0.2"/>
    <property name="user.dir" value="/usr/local/portfolio/jakartaee-11/mail"/>
    <property name="os.arch" value="x86_64"/>
    <property name="java.vm.specification.name" value="Java Virtual Machine Specification"/>
    <property name="native.encoding" value="UTF-8"/>
    <property name="java.library.path" value="/Users/mpredli01/Library/Java/Extensions:/Library/Java/Extensions:/Network/Library/Java/Extensions:/System/Library/Java/Extensions:/usr/lib/java:."/>
    <property name="java.vm.info" value="mixed mode, sharing"/>
    <property name="java.vendor" value="Oracle Corporation"/>
    <property name="java.vm.version" value="17.0.2+8-LTS-86"/>
    <property name="sun.io.unicode.encoding" value="UnicodeBig"/>
    <property name="socksNonProxyHosts" value="local|*.local|169.254/16|*.169.254/16"/>
    <property name="java.class.version" value="61.0"/>
  </properties>
  <testcase name="testRestApp" classname="org.redlich.mail.TestMailApp" time="0.026">
    <system-out><![CDATA[[TEST] Setting up the TestMailApp test
[TEST] Setting up the TestMailApp test
]]></system-out>
  </testcase>
</testsuite>