<?xml version="1.0" encoding="UTF-8"?>
<testsuite xmlns:xsi="http://www.w3.org/2001/XMLSchema-instance" xsi:noNamespaceSchemaLocation="https://maven.apache.org/surefire/maven-surefire-plugin/xsd/surefire-test-report-3.0.xsd" version="3.0" name="org.redlich.data.TestDataApp" time="0.148" tests="1" errors="0" skipped="0" failures="0">
  <properties>
    <property name="java.specification.version" value="21"/>
    <property name="sun.jnu.encoding" value="UTF-8"/>
    <property name="java.class.path" value="/usr/local/portfolio/jakartaee-11/data/target/test-classes:/usr/local/portfolio/jakartaee-11/data/target/classes:/Users/mpredli01/.m2/repository/org/eclipse/jnosql/databases/jnosql-mongodb/1.1.0/jnosql-mongodb-1.1.0.jar:/Users/mpredli01/.m2/repository/org/eclipse/jnosql/communication/jnosql-communication-document/1.1.0/jnosql-communication-document-1.1.0.jar:/Users/mpredli01/.m2/repository/org/eclipse/jnosql/communication/jnosql-communication-core/1.1.0/jnosql-communication-core-1.1.0.jar:/Users/mpredli01/.m2/repository/org/eclipse/jnosql/communication/jnosql-communication-query/1.1.0/jnosql-communication-query-1.1.0.jar:/Users/mpredli01/.m2/repository/org/antlr/antlr4-runtime/4.12.0/antlr4-runtime-4.12.0.jar:/Users/mpredli01/.m2/repository/org/eclipse/jnosql/mapping/jnosql-mapping-document/1.1.0/jnosql-mapping-document-1.1.0.jar:/Users/mpredli01/.m2/repository/org/eclipse/jnosql/mapping/jnosql-mapping-core/1.1.0/jnosql-mapping-core-1.1.0.jar:/Users/mpredli01/.m2/repository/org/eclipse/jnosql/mapping/jnosql-mapping-api-core/1.1.0/jnosql-mapping-api-core-1.1.0.jar:/Users/mpredli01/.m2/repository/org/eclipse/jnosql/mapping/jnosql-mapping-reflection/1.1.0/jnosql-mapping-reflection-1.1.0.jar:/Users/mpredli01/.m2/repository/io/github/classgraph/classgraph/4.8.165/classgraph-4.8.165.jar:/Users/mpredli01/.m2/repository/jakarta/nosql/nosql-document/1.0.0-b7/nosql-document-1.0.0-b7.jar:/Users/mpredli01/.m2/repository/org/eclipse/jnosql/databases/jnosql-database-commons/1.1.0/jnosql-database-commons-1.1.0.jar:/Users/mpredli01/.m2/repository/org/mongodb/mongodb-driver-sync/4.11.1/mongodb-driver-sync-4.11.1.jar:/Users/mpredli01/.m2/repository/org/mongodb/bson/4.11.1/bson-4.11.1.jar:/Users/mpredli01/.m2/repository/org/mongodb/mongodb-driver-core/4.11.1/mongodb-driver-core-4.11.1.jar:/Users/mpredli01/.m2/repository/org/mongodb/bson-record-codec/4.11.1/bson-record-codec-4.11.1.jar:/Users/mpredli01/.m2/repository/jakarta/nosql/nosql-core/1.0.0-b7/nosql-core-1.0.0-b7.jar:/Users/mpredli01/.m2/repository/jakarta/data/jakarta.data-api/1.0.0-M2/jakarta.data-api-1.0.0-M2.jar:/Users/mpredli01/.m2/repository/org/eclipse/jnosql/mapping/jnosql-mapping-validation/1.1.0/jnosql-mapping-validation-1.1.0.jar:/Users/mpredli01/.m2/repository/de/flapdoodle/embed/de.flapdoodle.embed.mongo/4.13.1/de.flapdoodle.embed.mongo-4.13.1.jar:/Users/mpredli01/.m2/repository/de/flapdoodle/embed/de.flapdoodle.embed.process/4.11.0/de.flapdoodle.embed.process-4.11.0.jar:/Users/mpredli01/.m2/repository/de/flapdoodle/reverse/de.flapdoodle.reverse/1.7.2/de.flapdoodle.reverse-1.7.2.jar:/Users/mpredli01/.m2/repository/de/flapdoodle/graph/de.flapdoodle.graph/1.3.3/de.flapdoodle.graph-1.3.3.jar:/Users/mpredli01/.m2/repository/org/jgrapht/jgrapht-core/1.4.0/jgrapht-core-1.4.0.jar:/Users/mpredli01/.m2/repository/org/jheaps/jheaps/0.11/jheaps-0.11.jar:/Users/mpredli01/.m2/repository/de/flapdoodle/java8/de.flapdoodle.java8/1.4.2/de.flapdoodle.java8-1.4.2.jar:/Users/mpredli01/.m2/repository/org/apache/commons/commons-lang3/3.14.0/commons-lang3-3.14.0.jar:/Users/mpredli01/.m2/repository/org/apache/commons/commons-compress/1.26.1/commons-compress-1.26.1.jar:/Users/mpredli01/.m2/repository/commons-codec/commons-codec/1.16.1/commons-codec-1.16.1.jar:/Users/mpredli01/.m2/repository/commons-io/commons-io/2.15.1/commons-io-2.15.1.jar:/Users/mpredli01/.m2/repository/net/java/dev/jna/jna/5.14.0/jna-5.14.0.jar:/Users/mpredli01/.m2/repository/net/java/dev/jna/jna-platform/5.14.0/jna-platform-5.14.0.jar:/Users/mpredli01/.m2/repository/de/flapdoodle/de.flapdoodle.os-api/1.4.1/de.flapdoodle.os-api-1.4.1.jar:/Users/mpredli01/.m2/repository/de/flapdoodle/embed/de.flapdoodle.embed.mongo.packageresolver/4.12.0/de.flapdoodle.embed.mongo.packageresolver-4.12.0.jar:/Users/mpredli01/.m2/repository/de/flapdoodle/de.flapdoodle.os/1.5.5/de.flapdoodle.os-1.5.5.jar:/Users/mpredli01/.m2/repository/org/eclipse/yasson/3.0.3/yasson-3.0.3.jar:/Users/mpredli01/.m2/repository/jakarta/json/bind/jakarta.json.bind-api/3.0.0/jakarta.json.bind-api-3.0.0.jar:/Users/mpredli01/.m2/repository/jakarta/json/jakarta.json-api/2.1.0/jakarta.json-api-2.1.0.jar:/Users/mpredli01/.m2/repository/org/eclipse/parsson/parsson/1.1.7/parsson-1.1.7.jar:/Users/mpredli01/.m2/repository/org/slf4j/slf4j-simple/2.0.7/slf4j-simple-2.0.7.jar:/Users/mpredli01/.m2/repository/org/slf4j/slf4j-api/2.0.7/slf4j-api-2.0.7.jar:/Users/mpredli01/.m2/repository/io/smallrye/config/smallrye-config/3.4.4/smallrye-config-3.4.4.jar:/Users/mpredli01/.m2/repository/org/jboss/logging/jboss-logging/3.5.3.Final/jboss-logging-3.5.3.Final.jar:/Users/mpredli01/.m2/repository/org/jboss/weld/se/weld-se-core/5.1.2.Final/weld-se-core-5.1.2.Final.jar:/Users/mpredli01/.m2/repository/org/jboss/weld/environment/weld-environment-common/5.1.2.Final/weld-environment-common-5.1.2.Final.jar:/Users/mpredli01/.m2/repository/org/jboss/weld/weld-core-impl/5.1.2.Final/weld-core-impl-5.1.2.Final.jar:/Users/mpredli01/.m2/repository/org/jboss/weld/weld-api/5.0.SP3/weld-api-5.0.SP3.jar:/Users/mpredli01/.m2/repository/org/jboss/weld/weld-spi/5.0.SP3/weld-spi-5.0.SP3.jar:/Users/mpredli01/.m2/repository/org/jboss/weld/weld-lite-extension-translator/5.1.2.Final/weld-lite-extension-translator-5.1.2.Final.jar:/Users/mpredli01/.m2/repository/jakarta/interceptor/jakarta.interceptor-api/2.1.0/jakarta.interceptor-api-2.1.0.jar:/Users/mpredli01/.m2/repository/org/jboss/logging/jboss-logging-processor/2.2.1.Final/jboss-logging-processor-2.2.1.Final.jar:/Users/mpredli01/.m2/repository/org/jboss/logging/jboss-logging-annotations/2.2.1.Final/jboss-logging-annotations-2.2.1.Final.jar:/Users/mpredli01/.m2/repository/org/jboss/jdeparser/jdeparser/2.0.3.Final/jdeparser-2.0.3.Final.jar:/Users/mpredli01/.m2/repository/jakarta/enterprise/jakarta.enterprise.cdi-api/4.0.1/jakarta.enterprise.cdi-api-4.0.1.jar:/Users/mpredli01/.m2/repository/jakarta/enterprise/jakarta.enterprise.lang-model/4.0.1/jakarta.enterprise.lang-model-4.0.1.jar:/Users/mpredli01/.m2/repository/jakarta/annotation/jakarta.annotation-api/2.1.0/jakarta.annotation-api-2.1.0.jar:/Users/mpredli01/.m2/repository/jakarta/inject/jakarta.inject-api/2.0.1/jakarta.inject-api-2.0.1.jar:/Users/mpredli01/.m2/repository/org/jboss/classfilewriter/jboss-classfilewriter/1.3.0.Final/jboss-classfilewriter-1.3.0.Final.jar:/Users/mpredli01/.m2/repository/org/jboss/weld/weld-junit5/4.0.1.Final/weld-junit5-4.0.1.Final.jar:/Users/mpredli01/.m2/repository/org/jboss/weld/weld-junit-common/4.0.1.Final/weld-junit-common-4.0.1.Final.jar:/Users/mpredli01/.m2/repository/com/github/spotbugs/spotbugs-annotations/4.6.0/spotbugs-annotations-4.6.0.jar:/Users/mpredli01/.m2/repository/com/google/code/findbugs/jsr305/3.0.2/jsr305-3.0.2.jar:/Users/mpredli01/.m2/repository/org/junit/jupiter/junit-jupiter/5.10.1/junit-jupiter-5.10.1.jar:/Users/mpredli01/.m2/repository/org/assertj/assertj-core/3.24.2/assertj-core-3.24.2.jar:/Users/mpredli01/.m2/repository/net/bytebuddy/byte-buddy/1.12.21/byte-buddy-1.12.21.jar:/Users/mpredli01/.m2/repository/org/hibernate/validator/hibernate-validator/8.0.1.Final/hibernate-validator-8.0.1.Final.jar:/Users/mpredli01/.m2/repository/jakarta/validation/jakarta.validation-api/3.0.2/jakarta.validation-api-3.0.2.jar:/Users/mpredli01/.m2/repository/com/fasterxml/classmate/1.5.1/classmate-1.5.1.jar:/Users/mpredli01/.m2/repository/org/glassfish/jakarta.el/5.0.0-M1/jakarta.el-5.0.0-M1.jar:/Users/mpredli01/.m2/repository/jakarta/el/jakarta.el-api/5.0.0/jakarta.el-api-5.0.0.jar:/Users/mpredli01/.m2/repository/jakarta/platform/jakarta.jakartaee-api/11.0.0/jakarta.jakartaee-api-11.0.0.jar:/Users/mpredli01/.m2/repository/jakarta/platform/jakarta.jakartaee-core-api/11.0.0/jakarta.jakartaee-core-api-11.0.0.jar:/Users/mpredli01/.m2/repository/jakarta/ws/rs/jakarta.ws.rs-api/4.0.0/jakarta.ws.rs-api-4.0.0.jar:/Users/mpredli01/.m2/repository/jakarta/jms/jakarta.jms-api/3.1.0/jakarta.jms-api-3.1.0.jar:/Users/mpredli01/.m2/repository/jakarta/activation/jakarta.activation-api/2.1.3/jakarta.activation-api-2.1.3.jar:/Users/mpredli01/.m2/repository/jakarta/mail/jakarta.mail-api/2.1.3/jakarta.mail-api-2.1.3.jar:/Users/mpredli01/.m2/repository/jakarta/resource/jakarta.resource-api/2.1.0/jakarta.resource-api-2.1.0.jar:/Users/mpredli01/.m2/repository/jakarta/authorization/jakarta.authorization-api/3.0.0/jakarta.authorization-api-3.0.0.jar:/Users/mpredli01/.m2/repository/jakarta/batch/jakarta.batch-api/2.1.1/jakarta.batch-api-2.1.1.jar:/Users/mpredli01/.m2/repository/jakarta/platform/jakarta.jakartaee-web-api/11.0.0/jakarta.jakartaee-web-api-11.0.0.jar:/Users/mpredli01/.m2/repository/jakarta/servlet/jakarta.servlet-api/6.1.0/jakarta.servlet-api-6.1.0.jar:/Users/mpredli01/.m2/repository/jakarta/servlet/jsp/jakarta.servlet.jsp-api/4.0.0/jakarta.servlet.jsp-api-4.0.0.jar:/Users/mpredli01/.m2/repository/jakarta/enterprise/jakarta.enterprise.cdi-el-api/4.1.0/jakarta.enterprise.cdi-el-api-4.1.0.jar:/Users/mpredli01/.m2/repository/jakarta/servlet/jsp/jstl/jakarta.servlet.jsp.jstl-api/3.0.2/jakarta.servlet.jsp.jstl-api-3.0.2.jar:/Users/mpredli01/.m2/repository/jakarta/faces/jakarta.faces-api/4.1.2/jakarta.faces-api-4.1.2.jar:/Users/mpredli01/.m2/repository/jakarta/websocket/jakarta.websocket-api/2.2.0/jakarta.websocket-api-2.2.0.jar:/Users/mpredli01/.m2/repository/jakarta/websocket/jakarta.websocket-client-api/2.2.0/jakarta.websocket-client-api-2.2.0.jar:/Users/mpredli01/.m2/repository/jakarta/ejb/jakarta.ejb-api/4.0.1/jakarta.ejb-api-4.0.1.jar:/Users/mpredli01/.m2/repository/jakarta/transaction/jakarta.transaction-api/2.0.1/jakarta.transaction-api-2.0.1.jar:/Users/mpredli01/.m2/repository/jakarta/persistence/jakarta.persistence-api/3.2.0/jakarta.persistence-api-3.2.0.jar:/Users/mpredli01/.m2/repository/jakarta/authentication/jakarta.authentication-api/3.1.0/jakarta.authentication-api-3.1.0.jar:/Users/mpredli01/.m2/repository/jakarta/security/enterprise/jakarta.security.enterprise-api/4.0.0/jakarta.security.enterprise-api-4.0.0.jar:/Users/mpredli01/.m2/repository/jakarta/enterprise/concurrent/jakarta.enterprise.concurrent-api/3.1.1/jakarta.enterprise.concurrent-api-3.1.1.jar:/Users/mpredli01/.m2/repository/org/eclipse/microprofile/fault-tolerance/microprofile-fault-tolerance-api/4.1/microprofile-fault-tolerance-api-4.1.jar:/Users/mpredli01/.m2/repository/org/eclipse/microprofile/health/microprofile-health-api/4.0.1/microprofile-health-api-4.0.1.jar:/Users/mpredli01/.m2/repository/org/eclipse/microprofile/metrics/microprofile-metrics-api/5.1.0/microprofile-metrics-api-5.1.0.jar:/Users/mpredli01/.m2/repository/org/eclipse/microprofile/jwt/microprofile-jwt-auth-api/2.1/microprofile-jwt-auth-api-2.1.jar:/Users/mpredli01/.m2/repository/org/eclipse/microprofile/openapi/microprofile-openapi-api/4.1/microprofile-openapi-api-4.1.jar:/Users/mpredli01/.m2/repository/org/eclipse/microprofile/rest/client/microprofile-rest-client-api/4.0/microprofile-rest-client-api-4.0.jar:/Users/mpredli01/.m2/repository/io/opentelemetry/opentelemetry-api/1.48.0/opentelemetry-api-1.48.0.jar:/Users/mpredli01/.m2/repository/io/opentelemetry/opentelemetry-context/1.48.0/opentelemetry-context-1.48.0.jar:/Users/mpredli01/.m2/repository/io/opentelemetry/instrumentation/opentelemetry-instrumentation-annotations/2.14.0/opentelemetry-instrumentation-annotations-2.14.0.jar:/Users/mpredli01/.m2/repository/io/opentelemetry/semconv/opentelemetry-semconv/1.32.0/opentelemetry-semconv-1.32.0.jar:/Users/mpredli01/.m2/repository/org/jboss/weld/se/weld-se-shaded/5.1.2.Final/weld-se-shaded-5.1.2.Final.jar:/Users/mpredli01/.m2/repository/io/smallrye/config/smallrye-config-core/3.8.2/smallrye-config-core-3.8.2.jar:/Users/mpredli01/.m2/repository/io/smallrye/common/smallrye-common-annotation/2.4.0/smallrye-common-annotation-2.4.0.jar:/Users/mpredli01/.m2/repository/io/smallrye/common/smallrye-common-expression/2.4.0/smallrye-common-expression-2.4.0.jar:/Users/mpredli01/.m2/repository/io/smallrye/common/smallrye-common-function/2.4.0/smallrye-common-function-2.4.0.jar:/Users/mpredli01/.m2/repository/io/smallrye/common/smallrye-common-constraint/2.4.0/smallrye-common-constraint-2.4.0.jar:/Users/mpredli01/.m2/repository/io/smallrye/common/smallrye-common-classloader/2.4.0/smallrye-common-classloader-2.4.0.jar:/Users/mpredli01/.m2/repository/org/ow2/asm/asm/9.7/asm-9.7.jar:/Users/mpredli01/.m2/repository/io/smallrye/config/smallrye-config-common/3.8.2/smallrye-config-common-3.8.2.jar:/Users/mpredli01/.m2/repository/org/eclipse/microprofile/config/microprofile-config-api/3.1/microprofile-config-api-3.1.jar:/Users/mpredli01/.m2/repository/org/junit/jupiter/junit-jupiter-api/5.10.1/junit-jupiter-api-5.10.1.jar:/Users/mpredli01/.m2/repository/org/opentest4j/opentest4j/1.3.0/opentest4j-1.3.0.jar:/Users/mpredli01/.m2/repository/org/junit/platform/junit-platform-commons/1.10.1/junit-platform-commons-1.10.1.jar:/Users/mpredli01/.m2/repository/org/apiguardian/apiguardian-api/1.1.2/apiguardian-api-1.1.2.jar:/Users/mpredli01/.m2/repository/org/junit/jupiter/junit-jupiter-engine/5.10.1/junit-jupiter-engine-5.10.1.jar:/Users/mpredli01/.m2/repository/org/junit/platform/junit-platform-engine/1.10.1/junit-platform-engine-1.10.1.jar:/Users/mpredli01/.m2/repository/org/junit/jupiter/junit-jupiter-params/5.10.1/junit-jupiter-params-5.10.1.jar:/Users/mpredli01/.m2/repository/org/mockito/mockito-core/5.9.0/mockito-core-5.9.0.jar:/Users/mpredli01/.m2/repository/net/bytebuddy/byte-buddy-agent/1.14.11/byte-buddy-agent-1.14.11.jar:/Users/mpredli01/.m2/repository/org/objenesis/objenesis/3.3/objenesis-3.3.jar:/Users/mpredli01/.m2/repository/org/mockito/mockito-junit-jupiter/5.9.0/mockito-junit-jupiter-5.9.0.jar:"/>
    <property name="java.vm.vendor" value="Oracle Corporation"/>
    <property name="sun.arch.data.model" value="64"/>
    <property name="java.vendor.url" value="https://java.oracle.com/"/>
    <property name="os.name" value="Mac OS X"/>
    <property name="java.vm.specification.version" value="21"/>
    <property name="sun.java.launcher" value="SUN_STANDARD"/>
    <property name="user.country" value="US"/>
    <property name="sun.boot.library.path" value="/Library/Java/JavaVirtualMachines/jdk-21.jdk/Contents/Home/lib"/>
    <property name="sun.java.command" value="/usr/local/portfolio/jakartaee-11/data/target/surefire/surefirebooter-20250925152547804_3.jar /usr/local/portfolio/jakartaee-11/data/target/surefire 2025-09-25T15-25-47_469-jvmRun1 surefire-20250925152547804_1tmp surefire_0-20250925152547804_2tmp"/>
    <property name="http.nonProxyHosts" value="local|*.local|169.254/16|*.169.254/16"/>
    <property name="jdk.debug" value="release"/>
    <property name="surefire.test.class.path" value="/usr/local/portfolio/jakartaee-11/data/target/test-classes:/usr/local/portfolio/jakartaee-11/data/target/classes:/Users/mpredli01/.m2/repository/org/eclipse/jnosql/databases/jnosql-mongodb/1.1.0/jnosql-mongodb-1.1.0.jar:/Users/mpredli01/.m2/repository/org/eclipse/jnosql/communication/jnosql-communication-document/1.1.0/jnosql-communication-document-1.1.0.jar:/Users/mpredli01/.m2/repository/org/eclipse/jnosql/communication/jnosql-communication-core/1.1.0/jnosql-communication-core-1.1.0.jar:/Users/mpredli01/.m2/repository/org/eclipse/jnosql/communication/jnosql-communication-query/1.1.0/jnosql-communication-query-1.1.0.jar:/Users/mpredli01/.m2/repository/org/antlr/antlr4-runtime/4.12.0/antlr4-runtime-4.12.0.jar:/Users/mpredli01/.m2/repository/org/eclipse/jnosql/mapping/jnosql-mapping-document/1.1.0/jnosql-mapping-document-1.1.0.jar:/Users/mpredli01/.m2/repository/org/eclipse/jnosql/mapping/jnosql-mapping-core/1.1.0/jnosql-mapping-core-1.1.0.jar:/Users/mpredli01/.m2/repository/org/eclipse/jnosql/mapping/jnosql-mapping-api-core/1.1.0/jnosql-mapping-api-core-1.1.0.jar:/Users/mpredli01/.m2/repository/org/eclipse/jnosql/mapping/jnosql-mapping-reflection/1.1.0/jnosql-mapping-reflection-1.1.0.jar:/Users/mpredli01/.m2/repository/io/github/classgraph/classgraph/4.8.165/classgraph-4.8.165.jar:/Users/mpredli01/.m2/repository/jakarta/nosql/nosql-document/1.0.0-b7/nosql-document-1.0.0-b7.jar:/Users/mpredli01/.m2/repository/org/eclipse/jnosql/databases/jnosql-database-commons/1.1.0/jnosql-database-commons-1.1.0.jar:/Users/mpredli01/.m2/repository/org/mongodb/mongodb-driver-sync/4.11.1/mongodb-driver-sync-4.11.1.jar:/Users/mpredli01/.m2/repository/org/mongodb/bson/4.11.1/bson-4.11.1.jar:/Users/mpredli01/.m2/repository/org/mongodb/mongodb-driver-core/4.11.1/mongodb-driver-core-4.11.1.jar:/Users/mpredli01/.m2/repository/org/mongodb/bson-record-codec/4.11.1/bson-record-codec-4.11.1.jar:/Users/mpredli01/.m2/repository/jakarta/nosql/nosql-core/1.0.0-b7/nosql-core-1.0.0-b7.jar:/Users/mpredli01/.m2/repository/jakarta/data/jakarta.data-api/1.0.0-M2/jakarta.data-api-1.0.0-M2.jar:/Users/mpredli01/.m2/repository/org/eclipse/jnosql/mapping/jnosql-mapping-validation/1.1.0/jnosql-mapping-validation-1.1.0.jar:/Users/mpredli01/.m2/repository/de/flapdoodle/embed/de.flapdoodle.embed.mongo/4.13.1/de.flapdoodle.embed.mongo-4.13.1.jar:/Users/mpredli01/.m2/repository/de/flapdoodle/embed/de.flapdoodle.embed.process/4.11.0/de.flapdoodle.embed.process-4.11.0.jar:/Users/mpredli01/.m2/repository/de/flapdoodle/reverse/de.flapdoodle.reverse/1.7.2/de.flapdoodle.reverse-1.7.2.jar:/Users/mpredli01/.m2/repository/de/flapdoodle/graph/de.flapdoodle.graph/1.3.3/de.flapdoodle.graph-1.3.3.jar:/Users/mpredli01/.m2/repository/org/jgrapht/jgrapht-core/1.4.0/jgrapht-core-1.4.0.jar:/Users/mpredli01/.m2/repository/org/jheaps/jheaps/0.11/jheaps-0.11.jar:/Users/mpredli01/.m2/repository/de/flapdoodle/java8/de.flapdoodle.java8/1.4.2/de.flapdoodle.java8-1.4.2.jar:/Users/mpredli01/.m2/repository/org/apache/commons/commons-lang3/3.14.0/commons-lang3-3.14.0.jar:/Users/mpredli01/.m2/repository/org/apache/commons/commons-compress/1.26.1/commons-compress-1.26.1.jar:/Users/mpredli01/.m2/repository/commons-codec/commons-codec/1.16.1/commons-codec-1.16.1.jar:/Users/mpredli01/.m2/repository/commons-io/commons-io/2.15.1/commons-io-2.15.1.jar:/Users/mpredli01/.m2/repository/net/java/dev/jna/jna/5.14.0/jna-5.14.0.jar:/Users/mpredli01/.m2/repository/net/java/dev/jna/jna-platform/5.14.0/jna-platform-5.14.0.jar:/Users/mpredli01/.m2/repository/de/flapdoodle/de.flapdoodle.os-api/1.4.1/de.flapdoodle.os-api-1.4.1.jar:/Users/mpredli01/.m2/repository/de/flapdoodle/embed/de.flapdoodle.embed.mongo.packageresolver/4.12.0/de.flapdoodle.embed.mongo.packageresolver-4.12.0.jar:/Users/mpredli01/.m2/repository/de/flapdoodle/de.flapdoodle.os/1.5.5/de.flapdoodle.os-1.5.5.jar:/Users/mpredli01/.m2/repository/org/eclipse/yasson/3.0.3/yasson-3.0.3.jar:/Users/mpredli01/.m2/repository/jakarta/json/bind/jakarta.json.bind-api/3.0.0/jakarta.json.bind-api-3.0.0.jar:/Users/mpredli01/.m2/repository/jakarta/json/jakarta.json-api/2.1.0/jakarta.json-api-2.1.0.jar:/Users/mpredli01/.m2/repository/org/eclipse/parsson/parsson/1.1.7/parsson-1.1.7.jar:/Users/mpredli01/.m2/repository/org/slf4j/slf4j-simple/2.0.7/slf4j-simple-2.0.7.jar:/Users/mpredli01/.m2/repository/org/slf4j/slf4j-api/2.0.7/slf4j-api-2.0.7.jar:/Users/mpredli01/.m2/repository/io/smallrye/config/smallrye-config/3.4.4/smallrye-config-3.4.4.jar:/Users/mpredli01/.m2/repository/org/jboss/logging/jboss-logging/3.5.3.Final/jboss-logging-3.5.3.Final.jar:/Users/mpredli01/.m2/repository/org/jboss/weld/se/weld-se-core/5.1.2.Final/weld-se-core-5.1.2.Final.jar:/Users/mpredli01/.m2/repository/org/jboss/weld/environment/weld-environment-common/5.1.2.Final/weld-environment-common-5.1.2.Final.jar:/Users/mpredli01/.m2/repository/org/jboss/weld/weld-core-impl/5.1.2.Final/weld-core-impl-5.1.2.Final.jar:/Users/mpredli01/.m2/repository/org/jboss/weld/weld-api/5.0.SP3/weld-api-5.0.SP3.jar:/Users/mpredli01/.m2/repository/org/jboss/weld/weld-spi/5.0.SP3/weld-spi-5.0.SP3.jar:/Users/mpredli01/.m2/repository/org/jboss/weld/weld-lite-extension-translator/5.1.2.Final/weld-lite-extension-translator-5.1.2.Final.jar:/Users/mpredli01/.m2/repository/jakarta/interceptor/jakarta.interceptor-api/2.1.0/jakarta.interceptor-api-2.1.0.jar:/Users/mpredli01/.m2/repository/org/jboss/logging/jboss-logging-processor/2.2.1.Final/jboss-logging-processor-2.2.1.Final.jar:/Users/mpredli01/.m2/repository/org/jboss/logging/jboss-logging-annotations/2.2.1.Final/jboss-logging-annotations-2.2.1.Final.jar:/Users/mpredli01/.m2/repository/org/jboss/jdeparser/jdeparser/2.0.3.Final/jdeparser-2.0.3.Final.jar:/Users/mpredli01/.m2/repository/jakarta/enterprise/jakarta.enterprise.cdi-api/4.0.1/jakarta.enterprise.cdi-api-4.0.1.jar:/Users/mpredli01/.m2/repository/jakarta/enterprise/jakarta.enterprise.lang-model/4.0.1/jakarta.enterprise.lang-model-4.0.1.jar:/Users/mpredli01/.m2/repository/jakarta/annotation/jakarta.annotation-api/2.1.0/jakarta.annotation-api-2.1.0.jar:/Users/mpredli01/.m2/repository/jakarta/inject/jakarta.inject-api/2.0.1/jakarta.inject-api-2.0.1.jar:/Users/mpredli01/.m2/repository/org/jboss/classfilewriter/jboss-classfilewriter/1.3.0.Final/jboss-classfilewriter-1.3.0.Final.jar:/Users/mpredli01/.m2/repository/org/jboss/weld/weld-junit5/4.0.1.Final/weld-junit5-4.0.1.Final.jar:/Users/mpredli01/.m2/repository/org/jboss/weld/weld-junit-common/4.0.1.Final/weld-junit-common-4.0.1.Final.jar:/Users/mpredli01/.m2/repository/com/github/spotbugs/spotbugs-annotations/4.6.0/spotbugs-annotations-4.6.0.jar:/Users/mpredli01/.m2/repository/com/google/code/findbugs/jsr305/3.0.2/jsr305-3.0.2.jar:/Users/mpredli01/.m2/repository/org/junit/jupiter/junit-jupiter/5.10.1/junit-jupiter-5.10.1.jar:/Users/mpredli01/.m2/repository/org/assertj/assertj-core/3.24.2/assertj-core-3.24.2.jar:/Users/mpredli01/.m2/repository/net/bytebuddy/byte-buddy/1.12.21/byte-buddy-1.12.21.jar:/Users/mpredli01/.m2/repository/org/hibernate/validator/hibernate-validator/8.0.1.Final/hibernate-validator-8.0.1.Final.jar:/Users/mpredli01/.m2/repository/jakarta/validation/jakarta.validation-api/3.0.2/jakarta.validation-api-3.0.2.jar:/Users/mpredli01/.m2/repository/com/fasterxml/classmate/1.5.1/classmate-1.5.1.jar:/Users/mpredli01/.m2/repository/org/glassfish/jakarta.el/5.0.0-M1/jakarta.el-5.0.0-M1.jar:/Users/mpredli01/.m2/repository/jakarta/el/jakarta.el-api/5.0.0/jakarta.el-api-5.0.0.jar:/Users/mpredli01/.m2/repository/jakarta/platform/jakarta.jakartaee-api/11.0.0/jakarta.jakartaee-api-11.0.0.jar:/Users/mpredli01/.m2/repository/jakarta/platform/jakarta.jakartaee-core-api/11.0.0/jakarta.jakartaee-core-api-11.0.0.jar:/Users/mpredli01/.m2/repository/jakarta/ws/rs/jakarta.ws.rs-api/4.0.0/jakarta.ws.rs-api-4.0.0.jar:/Users/mpredli01/.m2/repository/jakarta/jms/jakarta.jms-api/3.1.0/jakarta.jms-api-3.1.0.jar:/Users/mpredli01/.m2/repository/jakarta/activation/jakarta.activation-api/2.1.3/jakarta.activation-api-2.1.3.jar:/Users/mpredli01/.m2/repository/jakarta/mail/jakarta.mail-api/2.1.3/jakarta.mail-api-2.1.3.jar:/Users/mpredli01/.m2/repository/jakarta/resource/jakarta.resource-api/2.1.0/jakarta.resource-api-2.1.0.jar:/Users/mpredli01/.m2/repository/jakarta/authorization/jakarta.authorization-api/3.0.0/jakarta.authorization-api-3.0.0.jar:/Users/mpredli01/.m2/repository/jakarta/batch/jakarta.batch-api/2.1.1/jakarta.batch-api-2.1.1.jar:/Users/mpredli01/.m2/repository/jakarta/platform/jakarta.jakartaee-web-api/11.0.0/jakarta.jakartaee-web-api-11.0.0.jar:/Users/mpredli01/.m2/repository/jakarta/servlet/jakarta.servlet-api/6.1.0/jakarta.servlet-api-6.1.0.jar:/Users/mpredli01/.m2/repository/jakarta/servlet/jsp/jakarta.servlet.jsp-api/4.0.0/jakarta.servlet.jsp-api-4.0.0.jar:/Users/mpredli01/.m2/repository/jakarta/enterprise/jakarta.enterprise.cdi-el-api/4.1.0/jakarta.enterprise.cdi-el-api-4.1.0.jar:/Users/mpredli01/.m2/repository/jakarta/servlet/jsp/jstl/jakarta.servlet.jsp.jstl-api/3.0.2/jakarta.servlet.jsp.jstl-api-3.0.2.jar:/Users/mpredli01/.m2/repository/jakarta/faces/jakarta.faces-api/4.1.2/jakarta.faces-api-4.1.2.jar:/Users/mpredli01/.m2/repository/jakarta/websocket/jakarta.websocket-api/2.2.0/jakarta.websocket-api-2.2.0.jar:/Users/mpredli01/.m2/repository/jakarta/websocket/jakarta.websocket-client-api/2.2.0/jakarta.websocket-client-api-2.2.0.jar:/Users/mpredli01/.m2/repository/jakarta/ejb/jakarta.ejb-api/4.0.1/jakarta.ejb-api-4.0.1.jar:/Users/mpredli01/.m2/repository/jakarta/transaction/jakarta.transaction-api/2.0.1/jakarta.transaction-api-2.0.1.jar:/Users/mpredli01/.m2/repository/jakarta/persistence/jakarta.persistence-api/3.2.0/jakarta.persistence-api-3.2.0.jar:/Users/mpredli01/.m2/repository/jakarta/authentication/jakarta.authentication-api/3.1.0/jakarta.authentication-api-3.1.0.jar:/Users/mpredli01/.m2/repository/jakarta/security/enterprise/jakarta.security.enterprise-api/4.0.0/jakarta.security.enterprise-api-4.0.0.jar:/Users/mpredli01/.m2/repository/jakarta/enterprise/concurrent/jakarta.enterprise.concurrent-api/3.1.1/jakarta.enterprise.concurrent-api-3.1.1.jar:/Users/mpredli01/.m2/repository/org/eclipse/microprofile/fault-tolerance/microprofile-fault-tolerance-api/4.1/microprofile-fault-tolerance-api-4.1.jar:/Users/mpredli01/.m2/repository/org/eclipse/microprofile/health/microprofile-health-api/4.0.1/microprofile-health-api-4.0.1.jar:/Users/mpredli01/.m2/repository/org/eclipse/microprofile/metrics/microprofile-metrics-api/5.1.0/microprofile-metrics-api-5.1.0.jar:/Users/mpredli01/.m2/repository/org/eclipse/microprofile/jwt/microprofile-jwt-auth-api/2.1/microprofile-jwt-auth-api-2.1.jar:/Users/mpredli01/.m2/repository/org/eclipse/microprofile/openapi/microprofile-openapi-api/4.1/microprofile-openapi-api-4.1.jar:/Users/mpredli01/.m2/repository/org/eclipse/microprofile/rest/client/microprofile-rest-client-api/4.0/microprofile-rest-client-api-4.0.jar:/Users/mpredli01/.m2/repository/io/opentelemetry/opentelemetry-api/1.48.0/opentelemetry-api-1.48.0.jar:/Users/mpredli01/.m2/repository/io/opentelemetry/opentelemetry-context/1.48.0/opentelemetry-context-1.48.0.jar:/Users/mpredli01/.m2/repository/io/opentelemetry/instrumentation/opentelemetry-instrumentation-annotations/2.14.0/opentelemetry-instrumentation-annotations-2.14.0.jar:/Users/mpredli01/.m2/repository/io/opentelemetry/semconv/opentelemetry-semconv/1.32.0/opentelemetry-semconv-1.32.0.jar:/Users/mpredli01/.m2/repository/org/jboss/weld/se/weld-se-shaded/5.1.2.Final/weld-se-shaded-5.1.2.Final.jar:/Users/mpredli01/.m2/repository/io/smallrye/config/smallrye-config-core/3.8.2/smallrye-config-core-3.8.2.jar:/Users/mpredli01/.m2/repository/io/smallrye/common/smallrye-common-annotation/2.4.0/smallrye-common-annotation-2.4.0.jar:/Users/mpredli01/.m2/repository/io/smallrye/common/smallrye-common-expression/2.4.0/smallrye-common-expression-2.4.0.jar:/Users/mpredli01/.m2/repository/io/smallrye/common/smallrye-common-function/2.4.0/smallrye-common-function-2.4.0.jar:/Users/mpredli01/.m2/repository/io/smallrye/common/smallrye-common-constraint/2.4.0/smallrye-common-constraint-2.4.0.jar:/Users/mpredli01/.m2/repository/io/smallrye/common/smallrye-common-classloader/2.4.0/smallrye-common-classloader-2.4.0.jar:/Users/mpredli01/.m2/repository/org/ow2/asm/asm/9.7/asm-9.7.jar:/Users/mpredli01/.m2/repository/io/smallrye/config/smallrye-config-common/3.8.2/smallrye-config-common-3.8.2.jar:/Users/mpredli01/.m2/repository/org/eclipse/microprofile/config/microprofile-config-api/3.1/microprofile-config-api-3.1.jar:/Users/mpredli01/.m2/repository/org/junit/jupiter/junit-jupiter-api/5.10.1/junit-jupiter-api-5.10.1.jar:/Users/mpredli01/.m2/repository/org/opentest4j/opentest4j/1.3.0/opentest4j-1.3.0.jar:/Users/mpredli01/.m2/repository/org/junit/platform/junit-platform-commons/1.10.1/junit-platform-commons-1.10.1.jar:/Users/mpredli01/.m2/repository/org/apiguardian/apiguardian-api/1.1.2/apiguardian-api-1.1.2.jar:/Users/mpredli01/.m2/repository/org/junit/jupiter/junit-jupiter-engine/5.10.1/junit-jupiter-engine-5.10.1.jar:/Users/mpredli01/.m2/repository/org/junit/platform/junit-platform-engine/1.10.1/junit-platform-engine-1.10.1.jar:/Users/mpredli01/.m2/repository/org/junit/jupiter/junit-jupiter-params/5.10.1/junit-jupiter-params-5.10.1.jar:/Users/mpredli01/.m2/repository/org/mockito/mockito-core/5.9.0/mockito-core-5.9.0.jar:/Users/mpredli01/.m2/repository/net/bytebuddy/byte-buddy-agent/1.14.11/byte-buddy-agent-1.14.11.jar:/Users/mpredli01/.m2/repository/org/objenesis/objenesis/3.3/objenesis-3.3.jar:/Users/mpredli01/.m2/repository/org/mockito/mockito-junit-jupiter/5.9.0/mockito-junit-jupiter-5.9.0.jar:"/>
    <property name="sun.cpu.endian" value="little"/>
    <property name="user.home" value="/Users/mpredli01"/>
    <property name="user.language" value="en"/>
    <property name="java.specification.vendor" value="Oracle Corporation"/>
    <property name="java.version.date" value="2023-09-19"/>
    <property name="java.home" value="/Library/Java/JavaVirtualMachines/jdk-21.jdk/Contents/Home"/>
    <property name="file.separator" value="/"/>
    <property name="basedir" value="/usr/local/portfolio/jakartaee-11/data"/>
    <property name="java.vm.compressedOopsMode" value="Zero based"/>
    <property name="line.separator" value="&#10;"/>
    <property name="java.vm.specification.vendor" value="Oracle Corporation"/>
    <property name="java.specification.name" value="Java Platform API Specification"/>
    <property name="apple.awt.application.name" value="ForkedBooter"/>
    <property name="surefire.real.class.path" value="/usr/local/portfolio/jakartaee-11/data/target/surefire/surefirebooter-20250925152547804_3.jar"/>
    <property name="sun.management.compiler" value="HotSpot 64-Bit Tiered Compilers"/>
    <property name="ftp.nonProxyHosts" value="local|*.local|169.254/16|*.169.254/16"/>
    <property name="java.runtime.version" value="21+35-2513"/>
    <property name="user.name" value="mpredli01"/>
    <property name="stdout.encoding" value="UTF-8"/>
    <property name="path.separator" value=":"/>
    <property name="os.version" value="10.15.7"/>
    <property name="java.runtime.name" value="OpenJDK Runtime Environment"/>
    <property name="file.encoding" value="UTF-8"/>
    <property name="java.vm.name" value="OpenJDK 64-Bit Server VM"/>
    <property name="localRepository" value="/Users/mpredli01/.m2/repository"/>
    <property name="java.vendor.url.bug" value="https://bugreport.java.com/bugreport/"/>
    <property name="java.io.tmpdir" value="/var/folders/tt/7lxy2q7d55jbvvv1pnjj05cm0000gn/T/"/>
    <property name="java.version" value="21"/>
    <property name="user.dir" value="/usr/local/portfolio/jakartaee-11/data"/>
    <property name="os.arch" value="x86_64"/>
    <property name="java.vm.specification.name" value="Java Virtual Machine Specification"/>
    <property name="native.encoding" value="UTF-8"/>
    <property name="java.library.path" value="/Users/mpredli01/Library/Java/Extensions:/Library/Java/Extensions:/Network/Library/Java/Extensions:/System/Library/Java/Extensions:/usr/lib/java:."/>
    <property name="java.vm.info" value="mixed mode, sharing"/>
    <property name="stderr.encoding" value="UTF-8"/>
    <property name="java.vendor" value="Oracle Corporation"/>
    <property name="java.vm.version" value="21+35-2513"/>
    <property name="sun.io.unicode.encoding" value="UnicodeBig"/>
    <property name="socksNonProxyHosts" value="local|*.local|169.254/16|*.169.254/16"/>
    <property name="java.class.version" value="65.0"/>
  </properties>
  <testcase name="testDataApp" classname="org.redlich.data.TestDataApp" time="0.059">
    <system-out><![CDATA[[TEST] Setting up the TestDataApp test
[TEST] Setting up the TestDataApp test
]]></system-out>
  </testcase>
</testsuite>